/usr/local/lib/python3.11/site-packages/etherflow_acitoolkit.py:5208: SyntaxWarning: "is not" with a literal. Did you mean "!="?
  if life_cycle is not '':
Traceback (most recent call last):
  File "/usr/local/bin/nautobot-server", line 8, in <module>
    sys.exit(main())
             ^^^^^^
  File "/usr/local/lib/python3.11/site-packages/nautobot/core/cli/__init__.py", line 293, in main
    execute_from_command_line([sys.argv[0], *unparsed_args])
  File "/usr/local/lib/python3.11/site-packages/django/core/management/__init__.py", line 442, in execute_from_command_line
    utility.execute()
  File "/usr/local/lib/python3.11/site-packages/django/core/management/__init__.py", line 416, in execute
    django.setup()
  File "/usr/local/lib/python3.11/site-packages/django/__init__.py", line 24, in setup
    apps.populate(settings.INSTALLED_APPS)
  File "/usr/local/lib/python3.11/site-packages/django/apps/registry.py", line 124, in populate
    app_config.ready()
  File "/usr/local/lib/python3.11/site-packages/nautobot/core/apps/__init__.py", line 921, in ready
    super().ready()
  File "/usr/local/lib/python3.11/site-packages/nautobot/core/apps/__init__.py", line 70, in ready
    registry["new_ui_ready_routes"].update(get_all_new_ui_ready_routes())
                                           ^^^^^^^^^^^^^^^^^^^^^^^^^^^^^
  File "/usr/local/lib/python3.11/site-packages/nautobot/core/utils/navigation.py", line 47, in get_all_new_ui_ready_routes
    url_patterns = resolver.url_patterns
                   ^^^^^^^^^^^^^^^^^^^^^
  File "/usr/local/lib/python3.11/site-packages/django/utils/functional.py", line 57, in __get__
    res = instance.__dict__[self.name] = self.func(instance)
                                         ^^^^^^^^^^^^^^^^^^^
  File "/usr/local/lib/python3.11/site-packages/django/urls/resolvers.py", line 715, in url_patterns
    patterns = getattr(self.urlconf_module, "urlpatterns", self.urlconf_module)
                       ^^^^^^^^^^^^^^^^^^^
  File "/usr/local/lib/python3.11/site-packages/django/utils/functional.py", line 57, in __get__
    res = instance.__dict__[self.name] = self.func(instance)
                                         ^^^^^^^^^^^^^^^^^^^
  File "/usr/local/lib/python3.11/site-packages/django/urls/resolvers.py", line 708, in urlconf_module
    return import_module(self.urlconf_name)
           ^^^^^^^^^^^^^^^^^^^^^^^^^^^^^^^^
  File "/usr/local/lib/python3.11/importlib/__init__.py", line 126, in import_module
    return _bootstrap._gcd_import(name[level:], package, level)
           ^^^^^^^^^^^^^^^^^^^^^^^^^^^^^^^^^^^^^^^^^^^^^^^^^^^^
  File "<frozen importlib._bootstrap>", line 1204, in _gcd_import
  File "<frozen importlib._bootstrap>", line 1176, in _find_and_load
  File "<frozen importlib._bootstrap>", line 1147, in _find_and_load_unlocked
  File "<frozen importlib._bootstrap>", line 690, in _load_unlocked
  File "<frozen importlib._bootstrap_external>", line 940, in exec_module
  File "<frozen importlib._bootstrap>", line 241, in _call_with_frames_removed
  File "/usr/local/lib/python3.11/site-packages/nautobot/core/urls.py", line 17, in <module>
    from nautobot.extras.plugins.urls import (
  File "/usr/local/lib/python3.11/site-packages/nautobot/extras/plugins/urls.py", line 45, in <module>
    urlpatterns = import_object(f"{plugin_path}.api.urls.urlpatterns")
                  ^^^^^^^^^^^^^^^^^^^^^^^^^^^^^^^^^^^^^^^^^^^^^^^^^^^^
  File "/usr/local/lib/python3.11/site-packages/nautobot/extras/plugins/utils.py", line 46, in import_object
    spec.loader.exec_module(module)
  File "/source/py_populate_dcim/api/urls.py", line 3, in <module>
    from .views import RefreshRequestViewSet
  File "/source/py_populate_dcim/api/views.py", line 7, in <module>
    from .serializers import RefreshRequestSerializer
  File "/source/py_populate_dcim/api/serializers.py", line 4, in <module>
    from py_populate_dcim_lib import api_main
  File "/source/submodules/py_populate_dcim_lib/py_populate_dcim_lib/__init__.py", line 15, in <module>
    from .acisession import Session
  File "/usr/local/lib/python3.11/site-packages/etherflow_acitoolkit.py", line 44, in <module>
    from .acibaseobject import BaseACIObject, BaseInterface, _Tag
ImportError: attempted relative import with no known parent package
[0m⏳ Waiting on DB... (0s / 30s)
Traceback (most recent call last):
  File "/usr/local/bin/nautobot-server", line 8, in <module>
    sys.exit(main())
             ^^^^^^
  File "/usr/local/lib/python3.11/site-packages/nautobot/core/cli/__init__.py", line 293, in main
    execute_from_command_line([sys.argv[0], *unparsed_args])
  File "/usr/local/lib/python3.11/site-packages/django/core/management/__init__.py", line 442, in execute_from_command_line
    utility.execute()
  File "/usr/local/lib/python3.11/site-packages/django/core/management/__init__.py", line 416, in execute
    django.setup()
  File "/usr/local/lib/python3.11/site-packages/django/__init__.py", line 24, in setup
    apps.populate(settings.INSTALLED_APPS)
  File "/usr/local/lib/python3.11/site-packages/django/apps/registry.py", line 124, in populate
    app_config.ready()
  File "/usr/local/lib/python3.11/site-packages/nautobot/core/apps/__init__.py", line 921, in ready
    super().ready()
  File "/usr/local/lib/python3.11/site-packages/nautobot/core/apps/__init__.py", line 70, in ready
    registry["new_ui_ready_routes"].update(get_all_new_ui_ready_routes())
                                           ^^^^^^^^^^^^^^^^^^^^^^^^^^^^^
  File "/usr/local/lib/python3.11/site-packages/nautobot/core/utils/navigation.py", line 47, in get_all_new_ui_ready_routes
    url_patterns = resolver.url_patterns
                   ^^^^^^^^^^^^^^^^^^^^^
  File "/usr/local/lib/python3.11/site-packages/django/utils/functional.py", line 57, in __get__
    res = instance.__dict__[self.name] = self.func(instance)
                                         ^^^^^^^^^^^^^^^^^^^
  File "/usr/local/lib/python3.11/site-packages/django/urls/resolvers.py", line 715, in url_patterns
    patterns = getattr(self.urlconf_module, "urlpatterns", self.urlconf_module)
                       ^^^^^^^^^^^^^^^^^^^
  File "/usr/local/lib/python3.11/site-packages/django/utils/functional.py", line 57, in __get__
    res = instance.__dict__[self.name] = self.func(instance)
                                         ^^^^^^^^^^^^^^^^^^^
  File "/usr/local/lib/python3.11/site-packages/django/urls/resolvers.py", line 708, in urlconf_module
    return import_module(self.urlconf_name)
           ^^^^^^^^^^^^^^^^^^^^^^^^^^^^^^^^
  File "/usr/local/lib/python3.11/importlib/__init__.py", line 126, in import_module
    return _bootstrap._gcd_import(name[level:], package, level)
           ^^^^^^^^^^^^^^^^^^^^^^^^^^^^^^^^^^^^^^^^^^^^^^^^^^^^
  File "<frozen importlib._bootstrap>", line 1204, in _gcd_import
  File "<frozen importlib._bootstrap>", line 1176, in _find_and_load
  File "<frozen importlib._bootstrap>", line 1147, in _find_and_load_unlocked
  File "<frozen importlib._bootstrap>", line 690, in _load_unlocked
  File "<frozen importlib._bootstrap_external>", line 940, in exec_module
  File "<frozen importlib._bootstrap>", line 241, in _call_with_frames_removed
  File "/usr/local/lib/python3.11/site-packages/nautobot/core/urls.py", line 17, in <module>
    from nautobot.extras.plugins.urls import (
  File "/usr/local/lib/python3.11/site-packages/nautobot/extras/plugins/urls.py", line 45, in <module>
    urlpatterns = import_object(f"{plugin_path}.api.urls.urlpatterns")
                  ^^^^^^^^^^^^^^^^^^^^^^^^^^^^^^^^^^^^^^^^^^^^^^^^^^^^
  File "/usr/local/lib/python3.11/site-packages/nautobot/extras/plugins/utils.py", line 46, in import_object
    spec.loader.exec_module(module)
  File "/source/py_populate_dcim/api/urls.py", line 3, in <module>
    from .views import RefreshRequestViewSet
  File "/source/py_populate_dcim/api/views.py", line 7, in <module>
    from .serializers import RefreshRequestSerializer
  File "/source/py_populate_dcim/api/serializers.py", line 4, in <module>
    from py_populate_dcim_lib import api_main
  File "/source/submodules/py_populate_dcim_lib/py_populate_dcim_lib/__init__.py", line 15, in <module>
    from .acisession import Session
  File "/usr/local/lib/python3.11/site-packages/etherflow_acitoolkit.py", line 44, in <module>
    from .acibaseobject import BaseACIObject, BaseInterface, _Tag
ImportError: attempted relative import with no known parent package
[0m⏳ Waiting on DB... (3s / 30s)
Traceback (most recent call last):
  File "/usr/local/bin/nautobot-server", line 8, in <module>
    sys.exit(main())
             ^^^^^^
  File "/usr/local/lib/python3.11/site-packages/nautobot/core/cli/__init__.py", line 293, in main
    execute_from_command_line([sys.argv[0], *unparsed_args])
  File "/usr/local/lib/python3.11/site-packages/django/core/management/__init__.py", line 442, in execute_from_command_line
    utility.execute()
  File "/usr/local/lib/python3.11/site-packages/django/core/management/__init__.py", line 416, in execute
    django.setup()
  File "/usr/local/lib/python3.11/site-packages/django/__init__.py", line 24, in setup
    apps.populate(settings.INSTALLED_APPS)
  File "/usr/local/lib/python3.11/site-packages/django/apps/registry.py", line 124, in populate
    app_config.ready()
  File "/usr/local/lib/python3.11/site-packages/nautobot/core/apps/__init__.py", line 921, in ready
    super().ready()
  File "/usr/local/lib/python3.11/site-packages/nautobot/core/apps/__init__.py", line 70, in ready
    registry["new_ui_ready_routes"].update(get_all_new_ui_ready_routes())
                                           ^^^^^^^^^^^^^^^^^^^^^^^^^^^^^
  File "/usr/local/lib/python3.11/site-packages/nautobot/core/utils/navigation.py", line 47, in get_all_new_ui_ready_routes
    url_patterns = resolver.url_patterns
                   ^^^^^^^^^^^^^^^^^^^^^
  File "/usr/local/lib/python3.11/site-packages/django/utils/functional.py", line 57, in __get__
    res = instance.__dict__[self.name] = self.func(instance)
                                         ^^^^^^^^^^^^^^^^^^^
  File "/usr/local/lib/python3.11/site-packages/django/urls/resolvers.py", line 715, in url_patterns
    patterns = getattr(self.urlconf_module, "urlpatterns", self.urlconf_module)
                       ^^^^^^^^^^^^^^^^^^^
  File "/usr/local/lib/python3.11/site-packages/django/utils/functional.py", line 57, in __get__
    res = instance.__dict__[self.name] = self.func(instance)
                                         ^^^^^^^^^^^^^^^^^^^
  File "/usr/local/lib/python3.11/site-packages/django/urls/resolvers.py", line 708, in urlconf_module
    return import_module(self.urlconf_name)
           ^^^^^^^^^^^^^^^^^^^^^^^^^^^^^^^^
  File "/usr/local/lib/python3.11/importlib/__init__.py", line 126, in import_module
    return _bootstrap._gcd_import(name[level:], package, level)
           ^^^^^^^^^^^^^^^^^^^^^^^^^^^^^^^^^^^^^^^^^^^^^^^^^^^^
  File "<frozen importlib._bootstrap>", line 1204, in _gcd_import
  File "<frozen importlib._bootstrap>", line 1176, in _find_and_load
  File "<frozen importlib._bootstrap>", line 1147, in _find_and_load_unlocked
  File "<frozen importlib._bootstrap>", line 690, in _load_unlocked
  File "<frozen importlib._bootstrap_external>", line 940, in exec_module
  File "<frozen importlib._bootstrap>", line 241, in _call_with_frames_removed
  File "/usr/local/lib/python3.11/site-packages/nautobot/core/urls.py", line 17, in <module>
    from nautobot.extras.plugins.urls import (
  File "/usr/local/lib/python3.11/site-packages/nautobot/extras/plugins/urls.py", line 45, in <module>
    urlpatterns = import_object(f"{plugin_path}.api.urls.urlpatterns")
                  ^^^^^^^^^^^^^^^^^^^^^^^^^^^^^^^^^^^^^^^^^^^^^^^^^^^^
  File "/usr/local/lib/python3.11/site-packages/nautobot/extras/plugins/utils.py", line 46, in import_object
    spec.loader.exec_module(module)
  File "/source/py_populate_dcim/api/urls.py", line 3, in <module>
    from .views import RefreshRequestViewSet
  File "/source/py_populate_dcim/api/views.py", line 7, in <module>
    from .serializers import RefreshRequestSerializer
  File "/source/py_populate_dcim/api/serializers.py", line 4, in <module>
    from py_populate_dcim_lib import api_main
  File "/source/submodules/py_populate_dcim_lib/py_populate_dcim_lib/__init__.py", line 15, in <module>
    from .acisession import Session
  File "/usr/local/lib/python3.11/site-packages/etherflow_acitoolkit.py", line 44, in <module>
    from .acibaseobject import BaseACIObject, BaseInterface, _Tag
ImportError: attempted relative import with no known parent package
[0m⏳ Waiting on DB... (6s / 30s)
Traceback (most recent call last):
  File "/usr/local/bin/nautobot-server", line 8, in <module>
    sys.exit(main())
             ^^^^^^
  File "/usr/local/lib/python3.11/site-packages/nautobot/core/cli/__init__.py", line 293, in main
    execute_from_command_line([sys.argv[0], *unparsed_args])
  File "/usr/local/lib/python3.11/site-packages/django/core/management/__init__.py", line 442, in execute_from_command_line
    utility.execute()
  File "/usr/local/lib/python3.11/site-packages/django/core/management/__init__.py", line 416, in execute
    django.setup()
  File "/usr/local/lib/python3.11/site-packages/django/__init__.py", line 24, in setup
    apps.populate(settings.INSTALLED_APPS)
  File "/usr/local/lib/python3.11/site-packages/django/apps/registry.py", line 124, in populate
    app_config.ready()
  File "/usr/local/lib/python3.11/site-packages/nautobot/core/apps/__init__.py", line 921, in ready
    super().ready()
  File "/usr/local/lib/python3.11/site-packages/nautobot/core/apps/__init__.py", line 70, in ready
    registry["new_ui_ready_routes"].update(get_all_new_ui_ready_routes())
                                           ^^^^^^^^^^^^^^^^^^^^^^^^^^^^^
  File "/usr/local/lib/python3.11/site-packages/nautobot/core/utils/navigation.py", line 47, in get_all_new_ui_ready_routes
    url_patterns = resolver.url_patterns
                   ^^^^^^^^^^^^^^^^^^^^^
  File "/usr/local/lib/python3.11/site-packages/django/utils/functional.py", line 57, in __get__
    res = instance.__dict__[self.name] = self.func(instance)
                                         ^^^^^^^^^^^^^^^^^^^
  File "/usr/local/lib/python3.11/site-packages/django/urls/resolvers.py", line 715, in url_patterns
    patterns = getattr(self.urlconf_module, "urlpatterns", self.urlconf_module)
                       ^^^^^^^^^^^^^^^^^^^
  File "/usr/local/lib/python3.11/site-packages/django/utils/functional.py", line 57, in __get__
    res = instance.__dict__[self.name] = self.func(instance)
                                         ^^^^^^^^^^^^^^^^^^^
  File "/usr/local/lib/python3.11/site-packages/django/urls/resolvers.py", line 708, in urlconf_module
    return import_module(self.urlconf_name)
           ^^^^^^^^^^^^^^^^^^^^^^^^^^^^^^^^
  File "/usr/local/lib/python3.11/importlib/__init__.py", line 126, in import_module
    return _bootstrap._gcd_import(name[level:], package, level)
           ^^^^^^^^^^^^^^^^^^^^^^^^^^^^^^^^^^^^^^^^^^^^^^^^^^^^
  File "<frozen importlib._bootstrap>", line 1204, in _gcd_import
  File "<frozen importlib._bootstrap>", line 1176, in _find_and_load
  File "<frozen importlib._bootstrap>", line 1147, in _find_and_load_unlocked
  File "<frozen importlib._bootstrap>", line 690, in _load_unlocked
  File "<frozen importlib._bootstrap_external>", line 940, in exec_module
  File "<frozen importlib._bootstrap>", line 241, in _call_with_frames_removed
  File "/usr/local/lib/python3.11/site-packages/nautobot/core/urls.py", line 17, in <module>
    from nautobot.extras.plugins.urls import (
  File "/usr/local/lib/python3.11/site-packages/nautobot/extras/plugins/urls.py", line 45, in <module>
    urlpatterns = import_object(f"{plugin_path}.api.urls.urlpatterns")
                  ^^^^^^^^^^^^^^^^^^^^^^^^^^^^^^^^^^^^^^^^^^^^^^^^^^^^
  File "/usr/local/lib/python3.11/site-packages/nautobot/extras/plugins/utils.py", line 46, in import_object
    spec.loader.exec_module(module)
  File "/source/py_populate_dcim/api/urls.py", line 3, in <module>
    from .views import RefreshRequestViewSet
  File "/source/py_populate_dcim/api/views.py", line 7, in <module>
    from .serializers import RefreshRequestSerializer
  File "/source/py_populate_dcim/api/serializers.py", line 4, in <module>
    from py_populate_dcim_lib import api_main
  File "/source/submodules/py_populate_dcim_lib/py_populate_dcim_lib/__init__.py", line 15, in <module>
    from .acisession import Session
  File "/usr/local/lib/python3.11/site-packages/etherflow_acitoolkit.py", line 44, in <module>
    from .acibaseobject import BaseACIObject, BaseInterface, _Tag
ImportError: attempted relative import with no known parent package
[0m⏳ Waiting on DB... (9s / 30s)
Traceback (most recent call last):
  File "/usr/local/bin/nautobot-server", line 8, in <module>
    sys.exit(main())
             ^^^^^^
  File "/usr/local/lib/python3.11/site-packages/nautobot/core/cli/__init__.py", line 293, in main
    execute_from_command_line([sys.argv[0], *unparsed_args])
  File "/usr/local/lib/python3.11/site-packages/django/core/management/__init__.py", line 442, in execute_from_command_line
    utility.execute()
  File "/usr/local/lib/python3.11/site-packages/django/core/management/__init__.py", line 416, in execute
    django.setup()
  File "/usr/local/lib/python3.11/site-packages/django/__init__.py", line 24, in setup
    apps.populate(settings.INSTALLED_APPS)
  File "/usr/local/lib/python3.11/site-packages/django/apps/registry.py", line 124, in populate
    app_config.ready()
  File "/usr/local/lib/python3.11/site-packages/nautobot/core/apps/__init__.py", line 921, in ready
    super().ready()
  File "/usr/local/lib/python3.11/site-packages/nautobot/core/apps/__init__.py", line 70, in ready
    registry["new_ui_ready_routes"].update(get_all_new_ui_ready_routes())
                                           ^^^^^^^^^^^^^^^^^^^^^^^^^^^^^
  File "/usr/local/lib/python3.11/site-packages/nautobot/core/utils/navigation.py", line 47, in get_all_new_ui_ready_routes
    url_patterns = resolver.url_patterns
                   ^^^^^^^^^^^^^^^^^^^^^
  File "/usr/local/lib/python3.11/site-packages/django/utils/functional.py", line 57, in __get__
    res = instance.__dict__[self.name] = self.func(instance)
                                         ^^^^^^^^^^^^^^^^^^^
  File "/usr/local/lib/python3.11/site-packages/django/urls/resolvers.py", line 715, in url_patterns
    patterns = getattr(self.urlconf_module, "urlpatterns", self.urlconf_module)
                       ^^^^^^^^^^^^^^^^^^^
  File "/usr/local/lib/python3.11/site-packages/django/utils/functional.py", line 57, in __get__
    res = instance.__dict__[self.name] = self.func(instance)
                                         ^^^^^^^^^^^^^^^^^^^
  File "/usr/local/lib/python3.11/site-packages/django/urls/resolvers.py", line 708, in urlconf_module
    return import_module(self.urlconf_name)
           ^^^^^^^^^^^^^^^^^^^^^^^^^^^^^^^^
  File "/usr/local/lib/python3.11/importlib/__init__.py", line 126, in import_module
    return _bootstrap._gcd_import(name[level:], package, level)
           ^^^^^^^^^^^^^^^^^^^^^^^^^^^^^^^^^^^^^^^^^^^^^^^^^^^^
  File "<frozen importlib._bootstrap>", line 1204, in _gcd_import
  File "<frozen importlib._bootstrap>", line 1176, in _find_and_load
  File "<frozen importlib._bootstrap>", line 1147, in _find_and_load_unlocked
  File "<frozen importlib._bootstrap>", line 690, in _load_unlocked
  File "<frozen importlib._bootstrap_external>", line 940, in exec_module
  File "<frozen importlib._bootstrap>", line 241, in _call_with_frames_removed
  File "/usr/local/lib/python3.11/site-packages/nautobot/core/urls.py", line 17, in <module>
    from nautobot.extras.plugins.urls import (
  File "/usr/local/lib/python3.11/site-packages/nautobot/extras/plugins/urls.py", line 45, in <module>
    urlpatterns = import_object(f"{plugin_path}.api.urls.urlpatterns")
                  ^^^^^^^^^^^^^^^^^^^^^^^^^^^^^^^^^^^^^^^^^^^^^^^^^^^^
  File "/usr/local/lib/python3.11/site-packages/nautobot/extras/plugins/utils.py", line 46, in import_object
    spec.loader.exec_module(module)
  File "/source/py_populate_dcim/api/urls.py", line 3, in <module>
    from .views import RefreshRequestViewSet
  File "/source/py_populate_dcim/api/views.py", line 7, in <module>
    from .serializers import RefreshRequestSerializer
  File "/source/py_populate_dcim/api/serializers.py", line 4, in <module>
    from py_populate_dcim_lib import api_main
  File "/source/submodules/py_populate_dcim_lib/py_populate_dcim_lib/__init__.py", line 15, in <module>
    from .acisession import Session
  File "/usr/local/lib/python3.11/site-packages/etherflow_acitoolkit.py", line 44, in <module>
    from .acibaseobject import BaseACIObject, BaseInterface, _Tag
ImportError: attempted relative import with no known parent package
[0m⏳ Waiting on DB... (12s / 30s)
Traceback (most recent call last):
  File "/usr/local/bin/nautobot-server", line 8, in <module>
    sys.exit(main())
             ^^^^^^
  File "/usr/local/lib/python3.11/site-packages/nautobot/core/cli/__init__.py", line 293, in main
    execute_from_command_line([sys.argv[0], *unparsed_args])
  File "/usr/local/lib/python3.11/site-packages/django/core/management/__init__.py", line 442, in execute_from_command_line
    utility.execute()
  File "/usr/local/lib/python3.11/site-packages/django/core/management/__init__.py", line 416, in execute
    django.setup()
  File "/usr/local/lib/python3.11/site-packages/django/__init__.py", line 24, in setup
    apps.populate(settings.INSTALLED_APPS)
  File "/usr/local/lib/python3.11/site-packages/django/apps/registry.py", line 124, in populate
    app_config.ready()
  File "/usr/local/lib/python3.11/site-packages/nautobot/core/apps/__init__.py", line 921, in ready
    super().ready()
  File "/usr/local/lib/python3.11/site-packages/nautobot/core/apps/__init__.py", line 70, in ready
    registry["new_ui_ready_routes"].update(get_all_new_ui_ready_routes())
                                           ^^^^^^^^^^^^^^^^^^^^^^^^^^^^^
  File "/usr/local/lib/python3.11/site-packages/nautobot/core/utils/navigation.py", line 47, in get_all_new_ui_ready_routes
    url_patterns = resolver.url_patterns
                   ^^^^^^^^^^^^^^^^^^^^^
  File "/usr/local/lib/python3.11/site-packages/django/utils/functional.py", line 57, in __get__
    res = instance.__dict__[self.name] = self.func(instance)
                                         ^^^^^^^^^^^^^^^^^^^
  File "/usr/local/lib/python3.11/site-packages/django/urls/resolvers.py", line 715, in url_patterns
    patterns = getattr(self.urlconf_module, "urlpatterns", self.urlconf_module)
                       ^^^^^^^^^^^^^^^^^^^
  File "/usr/local/lib/python3.11/site-packages/django/utils/functional.py", line 57, in __get__
    res = instance.__dict__[self.name] = self.func(instance)
                                         ^^^^^^^^^^^^^^^^^^^
  File "/usr/local/lib/python3.11/site-packages/django/urls/resolvers.py", line 708, in urlconf_module
    return import_module(self.urlconf_name)
           ^^^^^^^^^^^^^^^^^^^^^^^^^^^^^^^^
  File "/usr/local/lib/python3.11/importlib/__init__.py", line 126, in import_module
    return _bootstrap._gcd_import(name[level:], package, level)
           ^^^^^^^^^^^^^^^^^^^^^^^^^^^^^^^^^^^^^^^^^^^^^^^^^^^^
  File "<frozen importlib._bootstrap>", line 1204, in _gcd_import
  File "<frozen importlib._bootstrap>", line 1176, in _find_and_load
  File "<frozen importlib._bootstrap>", line 1147, in _find_and_load_unlocked
  File "<frozen importlib._bootstrap>", line 690, in _load_unlocked
  File "<frozen importlib._bootstrap_external>", line 940, in exec_module
  File "<frozen importlib._bootstrap>", line 241, in _call_with_frames_removed
  File "/usr/local/lib/python3.11/site-packages/nautobot/core/urls.py", line 17, in <module>
    from nautobot.extras.plugins.urls import (
  File "/usr/local/lib/python3.11/site-packages/nautobot/extras/plugins/urls.py", line 45, in <module>
    urlpatterns = import_object(f"{plugin_path}.api.urls.urlpatterns")
                  ^^^^^^^^^^^^^^^^^^^^^^^^^^^^^^^^^^^^^^^^^^^^^^^^^^^^
  File "/usr/local/lib/python3.11/site-packages/nautobot/extras/plugins/utils.py", line 46, in import_object
    spec.loader.exec_module(module)
  File "/source/py_populate_dcim/api/urls.py", line 3, in <module>
    from .views import RefreshRequestViewSet
  File "/source/py_populate_dcim/api/views.py", line 7, in <module>
    from .serializers import RefreshRequestSerializer
  File "/source/py_populate_dcim/api/serializers.py", line 4, in <module>
    from py_populate_dcim_lib import api_main
  File "/source/submodules/py_populate_dcim_lib/py_populate_dcim_lib/__init__.py", line 15, in <module>
    from .acisession import Session
  File "/usr/local/lib/python3.11/site-packages/etherflow_acitoolkit.py", line 44, in <module>
    from .acibaseobject import BaseACIObject, BaseInterface, _Tag
ImportError: attempted relative import with no known parent package
[0m⏳ Waiting on DB... (15s / 30s)
Traceback (most recent call last):
  File "/usr/local/bin/nautobot-server", line 8, in <module>
    sys.exit(main())
             ^^^^^^
  File "/usr/local/lib/python3.11/site-packages/nautobot/core/cli/__init__.py", line 293, in main
    execute_from_command_line([sys.argv[0], *unparsed_args])
  File "/usr/local/lib/python3.11/site-packages/django/core/management/__init__.py", line 442, in execute_from_command_line
    utility.execute()
  File "/usr/local/lib/python3.11/site-packages/django/core/management/__init__.py", line 416, in execute
    django.setup()
  File "/usr/local/lib/python3.11/site-packages/django/__init__.py", line 24, in setup
    apps.populate(settings.INSTALLED_APPS)
  File "/usr/local/lib/python3.11/site-packages/django/apps/registry.py", line 124, in populate
    app_config.ready()
  File "/usr/local/lib/python3.11/site-packages/nautobot/core/apps/__init__.py", line 921, in ready
    super().ready()
  File "/usr/local/lib/python3.11/site-packages/nautobot/core/apps/__init__.py", line 70, in ready
    registry["new_ui_ready_routes"].update(get_all_new_ui_ready_routes())
                                           ^^^^^^^^^^^^^^^^^^^^^^^^^^^^^
  File "/usr/local/lib/python3.11/site-packages/nautobot/core/utils/navigation.py", line 47, in get_all_new_ui_ready_routes
    url_patterns = resolver.url_patterns
                   ^^^^^^^^^^^^^^^^^^^^^
  File "/usr/local/lib/python3.11/site-packages/django/utils/functional.py", line 57, in __get__
    res = instance.__dict__[self.name] = self.func(instance)
                                         ^^^^^^^^^^^^^^^^^^^
  File "/usr/local/lib/python3.11/site-packages/django/urls/resolvers.py", line 715, in url_patterns
    patterns = getattr(self.urlconf_module, "urlpatterns", self.urlconf_module)
                       ^^^^^^^^^^^^^^^^^^^
  File "/usr/local/lib/python3.11/site-packages/django/utils/functional.py", line 57, in __get__
    res = instance.__dict__[self.name] = self.func(instance)
                                         ^^^^^^^^^^^^^^^^^^^
  File "/usr/local/lib/python3.11/site-packages/django/urls/resolvers.py", line 708, in urlconf_module
    return import_module(self.urlconf_name)
           ^^^^^^^^^^^^^^^^^^^^^^^^^^^^^^^^
  File "/usr/local/lib/python3.11/importlib/__init__.py", line 126, in import_module
    return _bootstrap._gcd_import(name[level:], package, level)
           ^^^^^^^^^^^^^^^^^^^^^^^^^^^^^^^^^^^^^^^^^^^^^^^^^^^^
  File "<frozen importlib._bootstrap>", line 1204, in _gcd_import
  File "<frozen importlib._bootstrap>", line 1176, in _find_and_load
  File "<frozen importlib._bootstrap>", line 1147, in _find_and_load_unlocked
  File "<frozen importlib._bootstrap>", line 690, in _load_unlocked
  File "<frozen importlib._bootstrap_external>", line 940, in exec_module
  File "<frozen importlib._bootstrap>", line 241, in _call_with_frames_removed
  File "/usr/local/lib/python3.11/site-packages/nautobot/core/urls.py", line 17, in <module>
    from nautobot.extras.plugins.urls import (
  File "/usr/local/lib/python3.11/site-packages/nautobot/extras/plugins/urls.py", line 45, in <module>
    urlpatterns = import_object(f"{plugin_path}.api.urls.urlpatterns")
                  ^^^^^^^^^^^^^^^^^^^^^^^^^^^^^^^^^^^^^^^^^^^^^^^^^^^^
  File "/usr/local/lib/python3.11/site-packages/nautobot/extras/plugins/utils.py", line 46, in import_object
    spec.loader.exec_module(module)
  File "/source/py_populate_dcim/api/urls.py", line 3, in <module>
    from .views import RefreshRequestViewSet
  File "/source/py_populate_dcim/api/views.py", line 7, in <module>
    from .serializers import RefreshRequestSerializer
  File "/source/py_populate_dcim/api/serializers.py", line 4, in <module>
    from py_populate_dcim_lib import api_main
  File "/source/submodules/py_populate_dcim_lib/py_populate_dcim_lib/__init__.py", line 15, in <module>
    from .acisession import Session
  File "/usr/local/lib/python3.11/site-packages/etherflow_acitoolkit.py", line 44, in <module>
    from .acibaseobject import BaseACIObject, BaseInterface, _Tag
ImportError: attempted relative import with no known parent package
[0m⏳ Waiting on DB... (18s / 30s)
Traceback (most recent call last):
  File "/usr/local/bin/nautobot-server", line 8, in <module>
    sys.exit(main())
             ^^^^^^
  File "/usr/local/lib/python3.11/site-packages/nautobot/core/cli/__init__.py", line 293, in main
    execute_from_command_line([sys.argv[0], *unparsed_args])
  File "/usr/local/lib/python3.11/site-packages/django/core/management/__init__.py", line 442, in execute_from_command_line
    utility.execute()
  File "/usr/local/lib/python3.11/site-packages/django/core/management/__init__.py", line 416, in execute
    django.setup()
  File "/usr/local/lib/python3.11/site-packages/django/__init__.py", line 24, in setup
    apps.populate(settings.INSTALLED_APPS)
  File "/usr/local/lib/python3.11/site-packages/django/apps/registry.py", line 124, in populate
    app_config.ready()
  File "/usr/local/lib/python3.11/site-packages/nautobot/core/apps/__init__.py", line 921, in ready
    super().ready()
  File "/usr/local/lib/python3.11/site-packages/nautobot/core/apps/__init__.py", line 70, in ready
    registry["new_ui_ready_routes"].update(get_all_new_ui_ready_routes())
                                           ^^^^^^^^^^^^^^^^^^^^^^^^^^^^^
  File "/usr/local/lib/python3.11/site-packages/nautobot/core/utils/navigation.py", line 47, in get_all_new_ui_ready_routes
    url_patterns = resolver.url_patterns
                   ^^^^^^^^^^^^^^^^^^^^^
  File "/usr/local/lib/python3.11/site-packages/django/utils/functional.py", line 57, in __get__
    res = instance.__dict__[self.name] = self.func(instance)
                                         ^^^^^^^^^^^^^^^^^^^
  File "/usr/local/lib/python3.11/site-packages/django/urls/resolvers.py", line 715, in url_patterns
    patterns = getattr(self.urlconf_module, "urlpatterns", self.urlconf_module)
                       ^^^^^^^^^^^^^^^^^^^
  File "/usr/local/lib/python3.11/site-packages/django/utils/functional.py", line 57, in __get__
    res = instance.__dict__[self.name] = self.func(instance)
                                         ^^^^^^^^^^^^^^^^^^^
  File "/usr/local/lib/python3.11/site-packages/django/urls/resolvers.py", line 708, in urlconf_module
    return import_module(self.urlconf_name)
           ^^^^^^^^^^^^^^^^^^^^^^^^^^^^^^^^
  File "/usr/local/lib/python3.11/importlib/__init__.py", line 126, in import_module
    return _bootstrap._gcd_import(name[level:], package, level)
           ^^^^^^^^^^^^^^^^^^^^^^^^^^^^^^^^^^^^^^^^^^^^^^^^^^^^
  File "<frozen importlib._bootstrap>", line 1204, in _gcd_import
  File "<frozen importlib._bootstrap>", line 1176, in _find_and_load
  File "<frozen importlib._bootstrap>", line 1147, in _find_and_load_unlocked
  File "<frozen importlib._bootstrap>", line 690, in _load_unlocked
  File "<frozen importlib._bootstrap_external>", line 940, in exec_module
  File "<frozen importlib._bootstrap>", line 241, in _call_with_frames_removed
  File "/usr/local/lib/python3.11/site-packages/nautobot/core/urls.py", line 17, in <module>
    from nautobot.extras.plugins.urls import (
  File "/usr/local/lib/python3.11/site-packages/nautobot/extras/plugins/urls.py", line 45, in <module>
    urlpatterns = import_object(f"{plugin_path}.api.urls.urlpatterns")
                  ^^^^^^^^^^^^^^^^^^^^^^^^^^^^^^^^^^^^^^^^^^^^^^^^^^^^
  File "/usr/local/lib/python3.11/site-packages/nautobot/extras/plugins/utils.py", line 46, in import_object
    spec.loader.exec_module(module)
  File "/source/py_populate_dcim/api/urls.py", line 3, in <module>
    from .views import RefreshRequestViewSet
  File "/source/py_populate_dcim/api/views.py", line 7, in <module>
    from .serializers import RefreshRequestSerializer
  File "/source/py_populate_dcim/api/serializers.py", line 4, in <module>
    from py_populate_dcim_lib import api_main
  File "/source/submodules/py_populate_dcim_lib/py_populate_dcim_lib/__init__.py", line 15, in <module>
    from .acisession import Session
  File "/usr/local/lib/python3.11/site-packages/etherflow_acitoolkit.py", line 44, in <module>
    from .acibaseobject import BaseACIObject, BaseInterface, _Tag
ImportError: attempted relative import with no known parent package
[0m⏳ Waiting on DB... (21s / 30s)
Traceback (most recent call last):
  File "/usr/local/bin/nautobot-server", line 8, in <module>
    sys.exit(main())
             ^^^^^^
  File "/usr/local/lib/python3.11/site-packages/nautobot/core/cli/__init__.py", line 293, in main
    execute_from_command_line([sys.argv[0], *unparsed_args])
  File "/usr/local/lib/python3.11/site-packages/django/core/management/__init__.py", line 442, in execute_from_command_line
    utility.execute()
  File "/usr/local/lib/python3.11/site-packages/django/core/management/__init__.py", line 416, in execute
    django.setup()
  File "/usr/local/lib/python3.11/site-packages/django/__init__.py", line 24, in setup
    apps.populate(settings.INSTALLED_APPS)
  File "/usr/local/lib/python3.11/site-packages/django/apps/registry.py", line 124, in populate
    app_config.ready()
  File "/usr/local/lib/python3.11/site-packages/nautobot/core/apps/__init__.py", line 921, in ready
    super().ready()
  File "/usr/local/lib/python3.11/site-packages/nautobot/core/apps/__init__.py", line 70, in ready
    registry["new_ui_ready_routes"].update(get_all_new_ui_ready_routes())
                                           ^^^^^^^^^^^^^^^^^^^^^^^^^^^^^
  File "/usr/local/lib/python3.11/site-packages/nautobot/core/utils/navigation.py", line 47, in get_all_new_ui_ready_routes
    url_patterns = resolver.url_patterns
                   ^^^^^^^^^^^^^^^^^^^^^
  File "/usr/local/lib/python3.11/site-packages/django/utils/functional.py", line 57, in __get__
    res = instance.__dict__[self.name] = self.func(instance)
                                         ^^^^^^^^^^^^^^^^^^^
  File "/usr/local/lib/python3.11/site-packages/django/urls/resolvers.py", line 715, in url_patterns
    patterns = getattr(self.urlconf_module, "urlpatterns", self.urlconf_module)
                       ^^^^^^^^^^^^^^^^^^^
  File "/usr/local/lib/python3.11/site-packages/django/utils/functional.py", line 57, in __get__
    res = instance.__dict__[self.name] = self.func(instance)
                                         ^^^^^^^^^^^^^^^^^^^
  File "/usr/local/lib/python3.11/site-packages/django/urls/resolvers.py", line 708, in urlconf_module
    return import_module(self.urlconf_name)
           ^^^^^^^^^^^^^^^^^^^^^^^^^^^^^^^^
  File "/usr/local/lib/python3.11/importlib/__init__.py", line 126, in import_module
    return _bootstrap._gcd_import(name[level:], package, level)
           ^^^^^^^^^^^^^^^^^^^^^^^^^^^^^^^^^^^^^^^^^^^^^^^^^^^^
  File "<frozen importlib._bootstrap>", line 1204, in _gcd_import
  File "<frozen importlib._bootstrap>", line 1176, in _find_and_load
  File "<frozen importlib._bootstrap>", line 1147, in _find_and_load_unlocked
  File "<frozen importlib._bootstrap>", line 690, in _load_unlocked
  File "<frozen importlib._bootstrap_external>", line 940, in exec_module
  File "<frozen importlib._bootstrap>", line 241, in _call_with_frames_removed
  File "/usr/local/lib/python3.11/site-packages/nautobot/core/urls.py", line 17, in <module>
    from nautobot.extras.plugins.urls import (
  File "/usr/local/lib/python3.11/site-packages/nautobot/extras/plugins/urls.py", line 45, in <module>
    urlpatterns = import_object(f"{plugin_path}.api.urls.urlpatterns")
                  ^^^^^^^^^^^^^^^^^^^^^^^^^^^^^^^^^^^^^^^^^^^^^^^^^^^^
  File "/usr/local/lib/python3.11/site-packages/nautobot/extras/plugins/utils.py", line 46, in import_object
    spec.loader.exec_module(module)
  File "/source/py_populate_dcim/api/urls.py", line 3, in <module>
    from .views import RefreshRequestViewSet
  File "/source/py_populate_dcim/api/views.py", line 7, in <module>
    from .serializers import RefreshRequestSerializer
  File "/source/py_populate_dcim/api/serializers.py", line 4, in <module>
    from py_populate_dcim_lib import api_main
  File "/source/submodules/py_populate_dcim_lib/py_populate_dcim_lib/__init__.py", line 15, in <module>
    from .acisession import Session
  File "/usr/local/lib/python3.11/site-packages/etherflow_acitoolkit.py", line 44, in <module>
    from .acibaseobject import BaseACIObject, BaseInterface, _Tag
ImportError: attempted relative import with no known parent package
[0m⏳ Waiting on DB... (24s / 30s)
Traceback (most recent call last):
  File "/usr/local/bin/nautobot-server", line 8, in <module>
    sys.exit(main())
             ^^^^^^
  File "/usr/local/lib/python3.11/site-packages/nautobot/core/cli/__init__.py", line 293, in main
    execute_from_command_line([sys.argv[0], *unparsed_args])
  File "/usr/local/lib/python3.11/site-packages/django/core/management/__init__.py", line 442, in execute_from_command_line
    utility.execute()
  File "/usr/local/lib/python3.11/site-packages/django/core/management/__init__.py", line 416, in execute
    django.setup()
  File "/usr/local/lib/python3.11/site-packages/django/__init__.py", line 24, in setup
    apps.populate(settings.INSTALLED_APPS)
  File "/usr/local/lib/python3.11/site-packages/django/apps/registry.py", line 124, in populate
    app_config.ready()
  File "/usr/local/lib/python3.11/site-packages/nautobot/core/apps/__init__.py", line 921, in ready
    super().ready()
  File "/usr/local/lib/python3.11/site-packages/nautobot/core/apps/__init__.py", line 70, in ready
    registry["new_ui_ready_routes"].update(get_all_new_ui_ready_routes())
                                           ^^^^^^^^^^^^^^^^^^^^^^^^^^^^^
  File "/usr/local/lib/python3.11/site-packages/nautobot/core/utils/navigation.py", line 47, in get_all_new_ui_ready_routes
    url_patterns = resolver.url_patterns
                   ^^^^^^^^^^^^^^^^^^^^^
  File "/usr/local/lib/python3.11/site-packages/django/utils/functional.py", line 57, in __get__
    res = instance.__dict__[self.name] = self.func(instance)
                                         ^^^^^^^^^^^^^^^^^^^
  File "/usr/local/lib/python3.11/site-packages/django/urls/resolvers.py", line 715, in url_patterns
    patterns = getattr(self.urlconf_module, "urlpatterns", self.urlconf_module)
                       ^^^^^^^^^^^^^^^^^^^
  File "/usr/local/lib/python3.11/site-packages/django/utils/functional.py", line 57, in __get__
    res = instance.__dict__[self.name] = self.func(instance)
                                         ^^^^^^^^^^^^^^^^^^^
  File "/usr/local/lib/python3.11/site-packages/django/urls/resolvers.py", line 708, in urlconf_module
    return import_module(self.urlconf_name)
           ^^^^^^^^^^^^^^^^^^^^^^^^^^^^^^^^
  File "/usr/local/lib/python3.11/importlib/__init__.py", line 126, in import_module
    return _bootstrap._gcd_import(name[level:], package, level)
           ^^^^^^^^^^^^^^^^^^^^^^^^^^^^^^^^^^^^^^^^^^^^^^^^^^^^
  File "<frozen importlib._bootstrap>", line 1204, in _gcd_import
  File "<frozen importlib._bootstrap>", line 1176, in _find_and_load
  File "<frozen importlib._bootstrap>", line 1147, in _find_and_load_unlocked
  File "<frozen importlib._bootstrap>", line 690, in _load_unlocked
  File "<frozen importlib._bootstrap_external>", line 940, in exec_module
  File "<frozen importlib._bootstrap>", line 241, in _call_with_frames_removed
  File "/usr/local/lib/python3.11/site-packages/nautobot/core/urls.py", line 17, in <module>
    from nautobot.extras.plugins.urls import (
  File "/usr/local/lib/python3.11/site-packages/nautobot/extras/plugins/urls.py", line 45, in <module>
    urlpatterns = import_object(f"{plugin_path}.api.urls.urlpatterns")
                  ^^^^^^^^^^^^^^^^^^^^^^^^^^^^^^^^^^^^^^^^^^^^^^^^^^^^
  File "/usr/local/lib/python3.11/site-packages/nautobot/extras/plugins/utils.py", line 46, in import_object
    spec.loader.exec_module(module)
  File "/source/py_populate_dcim/api/urls.py", line 3, in <module>
    from .views import RefreshRequestViewSet
  File "/source/py_populate_dcim/api/views.py", line 7, in <module>
    from .serializers import RefreshRequestSerializer
  File "/source/py_populate_dcim/api/serializers.py", line 4, in <module>
    from py_populate_dcim_lib import api_main
  File "/source/submodules/py_populate_dcim_lib/py_populate_dcim_lib/__init__.py", line 15, in <module>
    from .acisession import Session
  File "/usr/local/lib/python3.11/site-packages/etherflow_acitoolkit.py", line 44, in <module>
    from .acibaseobject import BaseACIObject, BaseInterface, _Tag
ImportError: attempted relative import with no known parent package
[0m⏳ Waiting on DB... (27s / 30s)
Traceback (most recent call last):
  File "/usr/local/bin/nautobot-server", line 8, in <module>
    sys.exit(main())
             ^^^^^^
  File "/usr/local/lib/python3.11/site-packages/nautobot/core/cli/__init__.py", line 293, in main
    execute_from_command_line([sys.argv[0], *unparsed_args])
  File "/usr/local/lib/python3.11/site-packages/django/core/management/__init__.py", line 442, in execute_from_command_line
    utility.execute()
  File "/usr/local/lib/python3.11/site-packages/django/core/management/__init__.py", line 416, in execute
    django.setup()
  File "/usr/local/lib/python3.11/site-packages/django/__init__.py", line 24, in setup
    apps.populate(settings.INSTALLED_APPS)
  File "/usr/local/lib/python3.11/site-packages/django/apps/registry.py", line 124, in populate
    app_config.ready()
  File "/usr/local/lib/python3.11/site-packages/nautobot/core/apps/__init__.py", line 921, in ready
    super().ready()
  File "/usr/local/lib/python3.11/site-packages/nautobot/core/apps/__init__.py", line 70, in ready
    registry["new_ui_ready_routes"].update(get_all_new_ui_ready_routes())
                                           ^^^^^^^^^^^^^^^^^^^^^^^^^^^^^
  File "/usr/local/lib/python3.11/site-packages/nautobot/core/utils/navigation.py", line 47, in get_all_new_ui_ready_routes
    url_patterns = resolver.url_patterns
                   ^^^^^^^^^^^^^^^^^^^^^
  File "/usr/local/lib/python3.11/site-packages/django/utils/functional.py", line 57, in __get__
    res = instance.__dict__[self.name] = self.func(instance)
                                         ^^^^^^^^^^^^^^^^^^^
  File "/usr/local/lib/python3.11/site-packages/django/urls/resolvers.py", line 715, in url_patterns
    patterns = getattr(self.urlconf_module, "urlpatterns", self.urlconf_module)
                       ^^^^^^^^^^^^^^^^^^^
  File "/usr/local/lib/python3.11/site-packages/django/utils/functional.py", line 57, in __get__
    res = instance.__dict__[self.name] = self.func(instance)
                                         ^^^^^^^^^^^^^^^^^^^
  File "/usr/local/lib/python3.11/site-packages/django/urls/resolvers.py", line 708, in urlconf_module
    return import_module(self.urlconf_name)
           ^^^^^^^^^^^^^^^^^^^^^^^^^^^^^^^^
  File "/usr/local/lib/python3.11/importlib/__init__.py", line 126, in import_module
    return _bootstrap._gcd_import(name[level:], package, level)
           ^^^^^^^^^^^^^^^^^^^^^^^^^^^^^^^^^^^^^^^^^^^^^^^^^^^^
  File "<frozen importlib._bootstrap>", line 1204, in _gcd_import
  File "<frozen importlib._bootstrap>", line 1176, in _find_and_load
  File "<frozen importlib._bootstrap>", line 1147, in _find_and_load_unlocked
  File "<frozen importlib._bootstrap>", line 690, in _load_unlocked
  File "<frozen importlib._bootstrap_external>", line 940, in exec_module
  File "<frozen importlib._bootstrap>", line 241, in _call_with_frames_removed
  File "/usr/local/lib/python3.11/site-packages/nautobot/core/urls.py", line 17, in <module>
    from nautobot.extras.plugins.urls import (
  File "/usr/local/lib/python3.11/site-packages/nautobot/extras/plugins/urls.py", line 45, in <module>
    urlpatterns = import_object(f"{plugin_path}.api.urls.urlpatterns")
                  ^^^^^^^^^^^^^^^^^^^^^^^^^^^^^^^^^^^^^^^^^^^^^^^^^^^^
  File "/usr/local/lib/python3.11/site-packages/nautobot/extras/plugins/utils.py", line 46, in import_object
    spec.loader.exec_module(module)
  File "/source/py_populate_dcim/api/urls.py", line 3, in <module>
    from .views import RefreshRequestViewSet
  File "/source/py_populate_dcim/api/views.py", line 7, in <module>
    from .serializers import RefreshRequestSerializer
  File "/source/py_populate_dcim/api/serializers.py", line 4, in <module>
    from py_populate_dcim_lib import api_main
  File "/source/submodules/py_populate_dcim_lib/py_populate_dcim_lib/__init__.py", line 15, in <module>
    from .acisession import Session
  File "/usr/local/lib/python3.11/site-packages/etherflow_acitoolkit.py", line 44, in <module>
    from .acibaseobject import BaseACIObject, BaseInterface, _Tag
ImportError: attempted relative import with no known parent package
[0m❌ Waited 30s or more for the DB to become ready.
